[themesbrand.com/veltrix/layouts/vertical/index-dark.html]
[backblue.gif]
[fade.gif]
[index.html]
[themesbrand.com/veltrix/layouts/vertical/assets/images/favicon.ico]
[themesbrand.com/veltrix/layouts/vertical/assets/libs/chartist/chartist.min.css]
[themesbrand.com/veltrix/layouts/vertical/assets/css/bootstrap-dark.min.css]
[themesbrand.com/veltrix/layouts/vertical/assets/css/app-dark.min.css]
[themesbrand.com/veltrix/layouts/vertical/assets/css/icons.min.css]
[themesbrand.com/veltrix/layouts/vertical/index.html]
[themesbrand.com/veltrix/layouts/vertical/assets/images/logo-dark.png]
[themesbrand.com/veltrix/layouts/vertical/assets/images/logo-sm.png]
[themesbrand.com/veltrix/layouts/vertical/assets/images/logo-light.png]
[themesbrand.com/veltrix/layouts/vertical/assets/images/flags/us_flag.jpg]
[themesbrand.com/veltrix/layouts/vertical/assets/images/flags/germany_flag.jpg]
[themesbrand.com/veltrix/layouts/vertical/assets/images/flags/italy_flag.jpg]
[themesbrand.com/veltrix/layouts/vertical/assets/images/flags/french_flag.jpg]
[themesbrand.com/veltrix/layouts/vertical/assets/images/flags/spain_flag.jpg]
[themesbrand.com/veltrix/layouts/vertical/assets/images/flags/russia_flag.jpg]
[themesbrand.com/veltrix/layouts/vertical/assets/images/users/user-4.jpg]
[themesbrand.com/veltrix/layouts/vertical/calendar.html]
[themesbrand.com/veltrix/layouts/vertical/email-inbox.html]
[themesbrand.com/veltrix/layouts/vertical/email-read.html]
[themesbrand.com/veltrix/layouts/vertical/email-compose.html]
[themesbrand.com/veltrix/layouts/vertical/ui-alerts.html]
[themesbrand.com/veltrix/layouts/vertical/ui-buttons.html]
[themesbrand.com/veltrix/layouts/vertical/ui-cards.html]
[themesbrand.com/veltrix/layouts/vertical/ui-carousel.html]
[themesbrand.com/veltrix/layouts/vertical/ui-dropdowns.html]
[themesbrand.com/veltrix/layouts/vertical/ui-grid.html]
[themesbrand.com/veltrix/layouts/vertical/ui-images.html]
[themesbrand.com/veltrix/layouts/vertical/ui-lightbox.html]
[themesbrand.com/veltrix/layouts/vertical/ui-modals.html]
[themesbrand.com/veltrix/layouts/vertical/ui-rangeslider.html]
[themesbrand.com/veltrix/layouts/vertical/ui-session-timeout.html]
[themesbrand.com/veltrix/layouts/vertical/ui-progressbars.html]
[themesbrand.com/veltrix/layouts/vertical/ui-sweet-alert.html]
[themesbrand.com/veltrix/layouts/vertical/ui-tabs-accordions.html]
[themesbrand.com/veltrix/layouts/vertical/ui-typography.html]
[themesbrand.com/veltrix/layouts/vertical/ui-video.html]
[themesbrand.com/veltrix/layouts/vertical/ui-general.html]
[themesbrand.com/veltrix/layouts/vertical/ui-colors.html]
[themesbrand.com/veltrix/layouts/vertical/ui-rating.html]
[themesbrand.com/veltrix/layouts/vertical/form-elements.html]
[themesbrand.com/veltrix/layouts/vertical/form-validation.html]
[themesbrand.com/veltrix/layouts/vertical/form-advanced.html]
[themesbrand.com/veltrix/layouts/vertical/form-editors.html]
[themesbrand.com/veltrix/layouts/vertical/form-uploads.html]
[themesbrand.com/veltrix/layouts/vertical/form-xeditable.html]
[themesbrand.com/veltrix/layouts/vertical/form-repeater.html]
[themesbrand.com/veltrix/layouts/vertical/form-wizard.html]
[themesbrand.com/veltrix/layouts/vertical/form-mask.html]
[themesbrand.com/veltrix/layouts/vertical/charts-morris.html]
[themesbrand.com/veltrix/layouts/vertical/charts-chartist.html]
[themesbrand.com/veltrix/layouts/vertical/charts-chartjs.html]
[themesbrand.com/veltrix/layouts/vertical/charts-flot.html]
[themesbrand.com/veltrix/layouts/vertical/charts-knob.html]
[themesbrand.com/veltrix/layouts/vertical/charts-sparkline.html]
[themesbrand.com/veltrix/layouts/vertical/tables-basic.html]
[themesbrand.com/veltrix/layouts/vertical/tables-datatable.html]
[themesbrand.com/veltrix/layouts/vertical/tables-responsive.html]
[themesbrand.com/veltrix/layouts/vertical/tables-editable.html]
[themesbrand.com/veltrix/layouts/vertical/icons-material.html]
[themesbrand.com/veltrix/layouts/vertical/icons-fontawesome.html]
[themesbrand.com/veltrix/layouts/vertical/icons-ion.html]
[themesbrand.com/veltrix/layouts/vertical/icons-themify.html]
[themesbrand.com/veltrix/layouts/vertical/icons-dripicons.html]
[themesbrand.com/veltrix/layouts/vertical/icons-typicons.html]
[themesbrand.com/veltrix/layouts/vertical/maps-google.html]
[themesbrand.com/veltrix/layouts/vertical/maps-vector.html]
[themesbrand.com/veltrix/layouts/vertical/layouts-horizontal.html]
[themesbrand.com/veltrix/layouts/vertical/layouts-compact-sidebar.html]
[themesbrand.com/veltrix/layouts/vertical/layouts-icon-sidebar.html]
[themesbrand.com/veltrix/layouts/vertical/layouts-boxed.html]
[themesbrand.com/veltrix/layouts/vertical/pages-login.html]
[themesbrand.com/veltrix/layouts/vertical/pages-login-2.html]
[themesbrand.com/veltrix/layouts/vertical/pages-register.html]
[themesbrand.com/veltrix/layouts/vertical/pages-register-2.html]
[themesbrand.com/veltrix/layouts/vertical/pages-recoverpw.html]
[themesbrand.com/veltrix/layouts/vertical/pages-recoverpw-2.html]
[themesbrand.com/veltrix/layouts/vertical/pages-lock-screen.html]
[themesbrand.com/veltrix/layouts/vertical/pages-lock-screen-2.html]
[themesbrand.com/veltrix/layouts/vertical/pages-timeline.html]
[themesbrand.com/veltrix/layouts/vertical/pages-invoice.html]
[themesbrand.com/veltrix/layouts/vertical/pages-directory.html]
[themesbrand.com/veltrix/layouts/vertical/pages-blank.html]
[themesbrand.com/veltrix/layouts/vertical/pages-404.html]
[themesbrand.com/veltrix/layouts/vertical/pages-500.html]
[themesbrand.com/veltrix/layouts/vertical/pages-pricing.html]
[themesbrand.com/veltrix/layouts/vertical/pages-gallery.html]
[themesbrand.com/veltrix/layouts/vertical/pages-maintenance.html]
[themesbrand.com/veltrix/layouts/vertical/pages-comingsoon.html]
[themesbrand.com/veltrix/layouts/vertical/pages-faq.html]
[themesbrand.com/veltrix/layouts/vertical/email-template-basic.html]
[themesbrand.com/veltrix/layouts/vertical/email-template-Alert.html]
[themesbrand.com/veltrix/layouts/vertical/email-template-Billing.html]
[themesbrand.com/veltrix/layouts/vertical/assets/images/services-icon/01.png]
[themesbrand.com/veltrix/layouts/vertical/assets/images/services-icon/02.png]
[themesbrand.com/veltrix/layouts/vertical/assets/images/services-icon/03.png]
[themesbrand.com/veltrix/layouts/vertical/assets/images/services-icon/04.png]
[themesbrand.com/veltrix/layouts/vertical/assets/images/users/user-3.jpg]
[themesbrand.com/veltrix/layouts/vertical/assets/images/users/user-2.jpg]
[themesbrand.com/veltrix/layouts/vertical/assets/images/users/user-5.jpg]
[themesbrand.com/veltrix/layouts/vertical/assets/images/users/user-6.jpg]
[themesbrand.com/veltrix/layouts/vertical/assets/images/small/img-1.jpg]
[themesbrand.com/veltrix/layouts/vertical/assets/images/small/img-2.jpg]
[themesbrand.com/veltrix/layouts/vertical/assets/images/layouts/layout-1.jpg]
[themesbrand.com/veltrix/layouts/vertical/assets/images/layouts/layout-2.jpg]
[themesbrand.com/veltrix/layouts/vertical/assets/images/layouts/layout-3.jpg]
[themesbrand.com/veltrix/layouts/vertical/assets/css/app-rtl.min.css]
[themesbrand.com/veltrix/layouts/vertical/assets/libs/jquery/jquery.min.js]
[themesbrand.com/veltrix/layouts/vertical/assets/libs/bootstrap/js/bootstrap.bundle.min.js]
[themesbrand.com/veltrix/layouts/vertical/assets/libs/metismenu/metisMenu.min.js]
[themesbrand.com/veltrix/layouts/vertical/assets/libs/simplebar/simplebar.min.js]
[themesbrand.com/veltrix/layouts/vertical/assets/libs/node-waves/waves.min.js]
[themesbrand.com/veltrix/layouts/vertical/assets/libs/peity/jquery.peity.min.js]
[themesbrand.com/veltrix/layouts/vertical/assets/libs/chartist/chartist.min.js]
[themesbrand.com/veltrix/layouts/vertical/assets/libs/chartist-plugin-tooltips/chartist-plugin-tooltip.min.js]
[themesbrand.com/veltrix/layouts/vertical/assets/js/pages/dashboard.init.js]
[themesbrand.com/veltrix/layouts/vertical/assets/js/app.js]
[themesbrand.com/veltrix/layouts/vertical/index-dark.html]
[themesbrand.com/veltrix/layouts/vertical/assets/libs/chartist/chartist.min.css]
[themesbrand.com/veltrix/layouts/vertical/assets/css/bootstrap-dark.min.css]
[themesbrand.com/veltrix/layouts/vertical/assets/fonts/materialdesignicons-webfont2f9b.eot]
[themesbrand.com/veltrix/layouts/vertical/assets/fonts/materialdesignicons-webfontd41d.eot]
[themesbrand.com/veltrix/layouts/vertical/assets/fonts/materialdesignicons-webfont2f9b.woff]
[themesbrand.com/veltrix/layouts/vertical/assets/fonts/materialdesignicons-webfont2f9b.ttf]
[themesbrand.com/veltrix/layouts/vertical/assets/fonts/ioniconsde33.eot]
[themesbrand.com/veltrix/layouts/vertical/assets/fonts/ioniconsde33.woff]
[themesbrand.com/veltrix/layouts/vertical/assets/fonts/ioniconsde33.ttf]
[themesbrand.com/veltrix/layouts/vertical/assets/fonts/fa-brands-400.eot]
[themesbrand.com/veltrix/layouts/vertical/assets/fonts/fa-brands-400d41d.eot]
[themesbrand.com/veltrix/layouts/vertical/assets/fonts/fa-brands-400.woff]
[themesbrand.com/veltrix/layouts/vertical/assets/fonts/fa-brands-400.ttf]
[themesbrand.com/veltrix/layouts/vertical/assets/fonts/fa-regular-400.eot]
[themesbrand.com/veltrix/layouts/vertical/assets/fonts/fa-regular-400d41d.eot]
[themesbrand.com/veltrix/layouts/vertical/assets/fonts/fa-regular-400.woff]
[themesbrand.com/veltrix/layouts/vertical/assets/fonts/fa-regular-400.ttf]
[themesbrand.com/veltrix/layouts/vertical/assets/fonts/fa-solid-900.eot]
[themesbrand.com/veltrix/layouts/vertical/assets/fonts/fa-solid-900d41d.eot]
[themesbrand.com/veltrix/layouts/vertical/assets/fonts/fa-solid-900.woff]
[themesbrand.com/veltrix/layouts/vertical/assets/fonts/fa-solid-900.ttf]
[themesbrand.com/veltrix/layouts/vertical/assets/fonts/dripicons-v2.eot]
[themesbrand.com/veltrix/layouts/vertical/assets/fonts/dripicons-v2d41d.eot]
[themesbrand.com/veltrix/layouts/vertical/assets/fonts/dripicons-v2.woff]
[themesbrand.com/veltrix/layouts/vertical/assets/fonts/dripicons-v2.ttf]
[themesbrand.com/veltrix/layouts/vertical/assets/fonts/themify9f24.eot]
[themesbrand.com/veltrix/layouts/vertical/assets/fonts/themifyd41d.eot]
[themesbrand.com/veltrix/layouts/vertical/assets/fonts/themify9f24.woff]
[themesbrand.com/veltrix/layouts/vertical/assets/fonts/themify9f24.ttf]
[themesbrand.com/veltrix/layouts/vertical/assets/fonts/typicons.eot]
[themesbrand.com/veltrix/layouts/vertical/assets/fonts/typiconsd41d.eot]
[themesbrand.com/veltrix/layouts/vertical/assets/fonts/typicons.woff]
[themesbrand.com/veltrix/layouts/vertical/assets/fonts/typicons.ttf]
[themesbrand.com/veltrix/layouts/vertical/assets/css/icons.min.css]
[themesbrand.com/veltrix/layouts/vertical/assets/css/app-dark.min.css]
[themesbrand.com/veltrix/layouts/vertical/assets/css/bootstrap.min.css]
[themesbrand.com/veltrix/layouts/vertical/index.html]
[themesbrand.com/veltrix/layouts/vertical/assets/images/logo.svg]
[themesbrand.com/veltrix/layouts/vertical/assets/css/app.min.css]
[themesbrand.com/veltrix/layouts/vertical/assets/libs/fullcalendar/fullcalendar.min.css]
[themesbrand.com/veltrix/layouts/vertical/assets/libs/moment/min/moment.min.js]
[themesbrand.com/veltrix/layouts/vertical/assets/libs/jquery-ui/jquery-ui.min.js]
[themesbrand.com/veltrix/layouts/vertical/assets/libs/fullcalendar/fullcalendar.min.js]
[themesbrand.com/veltrix/layouts/vertical/assets/js/pages/calendar.init.js]
[themesbrand.com/veltrix/layouts/vertical/calendar.html]
[themesbrand.com/veltrix/layouts/vertical/email-inbox.html]
[themesbrand.com/veltrix/layouts/vertical/assets/images/users/user-1.jpg]
[themesbrand.com/veltrix/layouts/vertical/assets/images/small/img-3.jpg]
[themesbrand.com/veltrix/layouts/vertical/assets/images/small/img-4.jpg]
[themesbrand.com/veltrix/layouts/vertical/email-read.html]
[themesbrand.com/veltrix/layouts/vertical/assets/libs/summernote/summernote-bs4.min.js]
[themesbrand.com/veltrix/layouts/vertical/assets/js/pages/email-summernote.init.js]
[themesbrand.com/veltrix/layouts/vertical/email-compose.html]
[themesbrand.com/veltrix/layouts/vertical/ui-alerts.html]
[themesbrand.com/veltrix/layouts/vertical/ui-buttons.html]
[themesbrand.com/veltrix/layouts/vertical/assets/images/small/img-5.jpg]
[themesbrand.com/veltrix/layouts/vertical/assets/images/small/img-7.jpg]
[themesbrand.com/veltrix/layouts/vertical/assets/images/small/img-6.jpg]
[themesbrand.com/veltrix/layouts/vertical/ui-cards.html]
[themesbrand.com/veltrix/layouts/vertical/ui-carousel.html]
[themesbrand.com/veltrix/layouts/vertical/ui-dropdowns.html]
[themesbrand.com/veltrix/layouts/vertical/ui-grid.html]
[themesbrand.com/veltrix/layouts/vertical/ui-images.html]
[themesbrand.com/veltrix/layouts/vertical/assets/libs/magnific-popup/magnific-popup.css]
[themesbrand.com/veltrix/layouts/vertical/assets/libs/magnific-popup/jquery.magnific-popup.min.js]
[themesbrand.com/veltrix/layouts/vertical/assets/js/pages/lightbox.init.js]
[themesbrand.com/veltrix/layouts/vertical/ui-lightbox.html]
[themesbrand.com/veltrix/layouts/vertical/ui-modals.html]
[themesbrand.com/veltrix/layouts/vertical/assets/libs/ion-rangeslider/css/ion.rangeSlider.min.css]
[themesbrand.com/veltrix/layouts/vertical/assets/libs/ion-rangeslider/js/ion.rangeSlider.min.js]
[themesbrand.com/veltrix/layouts/vertical/assets/js/pages/range-sliders.init.js]
[themesbrand.com/veltrix/layouts/vertical/ui-rangeslider.html]
[themesbrand.com/veltrix/layouts/vertical/assets/libs/@curiosityx/bootstrap-session-timeout/index.js]
[themesbrand.com/veltrix/layouts/vertical/assets/js/pages/session-timeout.init.js]
[themesbrand.com/veltrix/layouts/vertical/ui-session-timeout.html]
[themesbrand.com/veltrix/layouts/vertical/ui-progressbars.html]
[themesbrand.com/veltrix/layouts/vertical/assets/libs/sweetalert2/sweetalert2.min.css]
[themesbrand.com/veltrix/layouts/vertical/assets/libs/sweetalert2/sweetalert2.min.js]
[themesbrand.com/veltrix/layouts/vertical/assets/js/pages/sweet-alerts.init.js]
[themesbrand.com/veltrix/layouts/vertical/ui-sweet-alert.html]
[themesbrand.com/veltrix/layouts/vertical/ui-tabs-accordions.html]
[themesbrand.com/veltrix/layouts/vertical/ui-typography.html]
[themesbrand.com/veltrix/layouts/vertical/ui-video.html]
[themesbrand.com/veltrix/layouts/vertical/ui-general.html]
[themesbrand.com/veltrix/layouts/vertical/ui-colors.html]
[themesbrand.com/veltrix/layouts/vertical/assets/libs/bootstrap-rating/bootstrap-rating.css]
[themesbrand.com/veltrix/layouts/vertical/assets/libs/bootstrap-rating/bootstrap-rating.min.js]
[themesbrand.com/veltrix/layouts/vertical/assets/js/pages/rating-init.js]
[themesbrand.com/veltrix/layouts/vertical/ui-rating.html]
[themesbrand.com/veltrix/layouts/vertical/form-elements.html]
[themesbrand.com/veltrix/layouts/vertical/assets/libs/parsleyjs/parsley.min.js]
[themesbrand.com/veltrix/layouts/vertical/assets/js/pages/form-validation.init.js]
[themesbrand.com/veltrix/layouts/vertical/form-validation.html]
[themesbrand.com/veltrix/layouts/vertical/assets/libs/select2/css/select2.min.css]
[themesbrand.com/veltrix/layouts/vertical/assets/libs/bootstrap-datepicker/css/bootstrap-datepicker.min.css]
[themesbrand.com/veltrix/layouts/vertical/assets/libs/bootstrap-colorpicker/css/bootstrap-colorpicker.min.css]
[themesbrand.com/veltrix/layouts/vertical/assets/libs/bootstrap-touchspin/jquery.bootstrap-touchspin.min.css]
[themesbrand.com/veltrix/layouts/vertical/assets/libs/select2/js/select2.min.js]
[themesbrand.com/veltrix/layouts/vertical/assets/libs/bootstrap-datepicker/js/bootstrap-datepicker.min.js]
[themesbrand.com/veltrix/layouts/vertical/assets/libs/bootstrap-colorpicker/js/bootstrap-colorpicker.min.js]
[themesbrand.com/veltrix/layouts/vertical/assets/libs/bootstrap-touchspin/jquery.bootstrap-touchspin.min.js]
[themesbrand.com/veltrix/layouts/vertical/assets/libs/admin-resources/bootstrap-filestyle/bootstrap-filestyle.min.js]
[themesbrand.com/veltrix/layouts/vertical/assets/libs/bootstrap-maxlength/bootstrap-maxlength.min.js]
[themesbrand.com/veltrix/layouts/vertical/assets/js/pages/form-advanced.init.js]
[themesbrand.com/veltrix/layouts/vertical/form-advanced.html]
[themesbrand.com/veltrix/layouts/vertical/assets/libs/summernote/summernote-bs4.min.css]
[themesbrand.com/veltrix/layouts/vertical/assets/js/pages/form-editor.init.js]
[themesbrand.com/veltrix/layouts/vertical/form-editors.html]
[themesbrand.com/veltrix/layouts/vertical/assets/libs/dropzone/min/dropzone.min.css]
[themesbrand.com/veltrix/layouts/vertical/assets/libs/tinymce/tinymce.min.js]
[themesbrand.com/veltrix/layouts/vertical/form-uploads.html]
[themesbrand.com/veltrix/layouts/vertical/assets/libs/dropzone/min/dropzone.min.js]
[themesbrand.com/veltrix/layouts/vertical/assets/libs/bootstrap-editable/css/bootstrap-editable.css]
[themesbrand.com/veltrix/layouts/vertical/assets/js/pages/form-xeditable.init.js]
[themesbrand.com/veltrix/layouts/vertical/form-xeditable.html]
[themesbrand.com/veltrix/layouts/vertical/assets/libs/bootstrap-editable/js/index.js]
[themesbrand.com/veltrix/layouts/vertical/assets/libs/jquery.repeater/jquery.repeater.min.js]
[themesbrand.com/veltrix/layouts/vertical/assets/js/pages/form-repeater.int.js]
[themesbrand.com/veltrix/layouts/vertical/form-repeater.html]
[themesbrand.com/veltrix/layouts/vertical/assets/libs/jquery-steps/build/jquery.steps.min.js]
[themesbrand.com/veltrix/layouts/vertical/assets/js/pages/form-wizard.init.js]
[themesbrand.com/veltrix/layouts/vertical/form-wizard.html]
[themesbrand.com/veltrix/layouts/vertical/assets/libs/inputmask/min/jquery.inputmask.bundle.min.js]
[themesbrand.com/veltrix/layouts/vertical/assets/js/pages/form-mask.init.js]
[themesbrand.com/veltrix/layouts/vertical/form-mask.html]
[themesbrand.com/veltrix/layouts/vertical/assets/libs/morris.js/morris.min.js]
[themesbrand.com/veltrix/layouts/vertical/assets/libs/raphael/raphael.min.js]
[themesbrand.com/veltrix/layouts/vertical/assets/js/pages/morris.init.js]
[themesbrand.com/veltrix/layouts/vertical/charts-morris.html]
[themesbrand.com/veltrix/layouts/vertical/assets/js/pages/chartist.init.js]
[themesbrand.com/veltrix/layouts/vertical/charts-chartist.html]
[themesbrand.com/veltrix/layouts/vertical/assets/libs/chart.js/Chart.bundle.min.js]
[themesbrand.com/veltrix/layouts/vertical/assets/js/pages/chartjs.init.js]
[themesbrand.com/veltrix/layouts/vertical/charts-chartjs.html]
[themesbrand.com/veltrix/layouts/vertical/assets/libs/flot-charts/jquery.flot.js]
[themesbrand.com/veltrix/layouts/vertical/assets/libs/flot-charts/jquery.flot.time.js]
[themesbrand.com/veltrix/layouts/vertical/assets/libs/jquery.flot.tooltip/js/jquery.flot.tooltip.min.js]
[themesbrand.com/veltrix/layouts/vertical/assets/libs/flot-charts/jquery.flot.resize.js]
[themesbrand.com/veltrix/layouts/vertical/assets/libs/flot-charts/jquery.flot.pie.js]
[themesbrand.com/veltrix/layouts/vertical/assets/libs/flot-charts/jquery.flot.selection.js]
[themesbrand.com/veltrix/layouts/vertical/assets/libs/flot-charts/jquery.flot.stack.js]
[themesbrand.com/veltrix/layouts/vertical/assets/libs/flot-charts/jquery.flot.crosshair.js]
[themesbrand.com/veltrix/layouts/vertical/assets/js/pages/flot.init.js]
[themesbrand.com/veltrix/layouts/vertical/charts-flot.html]
[themesbrand.com/veltrix/layouts/vertical/assets/libs/jquery-knob/jquery.knob.min.js]
[themesbrand.com/veltrix/layouts/vertical/assets/js/pages/jquery-knob.init.js]
[themesbrand.com/veltrix/layouts/vertical/charts-knob.html]
[themesbrand.com/veltrix/layouts/vertical/assets/libs/jquery-sparkline/jquery.sparkline.min.js]
[themesbrand.com/veltrix/layouts/vertical/assets/js/pages/sparklines.init.js]
[themesbrand.com/veltrix/layouts/vertical/charts-sparkline.html]
[themesbrand.com/veltrix/layouts/vertical/tables-basic.html]
[themesbrand.com/veltrix/layouts/vertical/assets/libs/datatables.net-bs4/css/dataTables.bootstrap4.min.css]
[themesbrand.com/veltrix/layouts/vertical/assets/libs/datatables.net-buttons-bs4/css/buttons.bootstrap4.min.css]
[themesbrand.com/veltrix/layouts/vertical/assets/libs/datatables.net-responsive-bs4/css/responsive.bootstrap4.min.css]
[themesbrand.com/veltrix/layouts/vertical/assets/libs/datatables.net/js/jquery.dataTables.min.js]
[themesbrand.com/veltrix/layouts/vertical/assets/libs/datatables.net-bs4/js/dataTables.bootstrap4.min.js]
[themesbrand.com/veltrix/layouts/vertical/assets/libs/datatables.net-buttons/js/dataTables.buttons.min.js]
[themesbrand.com/veltrix/layouts/vertical/assets/libs/datatables.net-buttons-bs4/js/buttons.bootstrap4.min.js]
[themesbrand.com/veltrix/layouts/vertical/assets/libs/jszip/jszip.min.js]
[themesbrand.com/veltrix/layouts/vertical/assets/libs/datatables.net-buttons/js/buttons.html5.min.js]
[themesbrand.com/veltrix/layouts/vertical/assets/libs/pdfmake/build/pdfmake.min.js]
[themesbrand.com/veltrix/layouts/vertical/assets/libs/pdfmake/build/vfs_fonts.js]
[themesbrand.com/veltrix/layouts/vertical/assets/libs/datatables.net-buttons/js/buttons.print.min.js]
[themesbrand.com/veltrix/layouts/vertical/assets/libs/datatables.net-buttons/js/buttons.colVis.min.js]
[themesbrand.com/veltrix/layouts/vertical/assets/libs/datatables.net-responsive/js/dataTables.responsive.min.js]
[themesbrand.com/veltrix/layouts/vertical/assets/libs/datatables.net-responsive-bs4/js/responsive.bootstrap4.min.js]
[themesbrand.com/veltrix/layouts/vertical/assets/js/pages/datatables.init.js]
[themesbrand.com/veltrix/layouts/vertical/tables-datatable.html]
[themesbrand.com/veltrix/layouts/vertical/assets/libs/admin-resources/rwd-table/rwd-table.min.css]
[themesbrand.com/veltrix/layouts/vertical/assets/libs/admin-resources/rwd-table/rwd-table.min.js]
[themesbrand.com/veltrix/layouts/vertical/assets/js/pages/table-responsive.init.js]
[themesbrand.com/veltrix/layouts/vertical/tables-responsive.html]
[themesbrand.com/veltrix/layouts/vertical/assets/libs/datatables.net-keytable-bs4/css/keyTable.bootstrap4.min.css]
[themesbrand.com/veltrix/layouts/vertical/assets/libs/datatables.net-keytable/js/dataTables.keyTable.min.js]
[themesbrand.com/veltrix/layouts/vertical/assets/js/pages/table-editable.init.js]
[themesbrand.com/veltrix/layouts/vertical/tables-editable.html]
[themesbrand.com/veltrix/layouts/vertical/icons-material.html]
[themesbrand.com/veltrix/layouts/vertical/icons-fontawesome.html]
[themesbrand.com/veltrix/layouts/vertical/icons-ion.html]
[themesbrand.com/veltrix/layouts/vertical/icons-themify.html]
[themesbrand.com/veltrix/layouts/vertical/icons-dripicons.html]
[themesbrand.com/veltrix/layouts/vertical/icons-typicons.html]
[themesbrand.com/veltrix/layouts/vertical/assets/libs/gmaps/gmaps.min.js]
[themesbrand.com/veltrix/layouts/vertical/assets/js/pages/gmaps.init.js]
[themesbrand.com/veltrix/layouts/vertical/maps-google.html]
[themesbrand.com/veltrix/layouts/vertical/assets/libs/admin-resources/jquery.vectormap/jquery-jvectormap-1.2.2.css]
[themesbrand.com/veltrix/layouts/vertical/assets/libs/admin-resources/jquery.vectormap/jquery-jvectormap-1.2.2.min.js]
[themesbrand.com/veltrix/layouts/vertical/assets/libs/admin-resources/jquery.vectormap/maps/jquery-jvectormap-world-mill-en.js]
[themesbrand.com/veltrix/layouts/vertical/assets/libs/admin-resources/jquery.vectormap/maps/jquery-jvectormap-us-merc-en.js]
[themesbrand.com/veltrix/layouts/vertical/assets/libs/admin-resources/jquery.vectormap/maps/jquery-jvectormap-au-mill-en.js]
[themesbrand.com/veltrix/layouts/vertical/assets/libs/admin-resources/jquery.vectormap/maps/jquery-jvectormap-in-mill-en.js]
[themesbrand.com/veltrix/layouts/vertical/assets/libs/admin-resources/jquery.vectormap/maps/jquery-jvectormap-us-il-chicago-mill-en.js]
[themesbrand.com/veltrix/layouts/vertical/assets/libs/admin-resources/jquery.vectormap/maps/jquery-jvectormap-uk-mill-en.js]
[themesbrand.com/veltrix/layouts/vertical/assets/libs/admin-resources/jquery.vectormap/maps/jquery-jvectormap-ca-lcc-en.js]
[themesbrand.com/veltrix/layouts/vertical/assets/js/pages/vector-maps.init.js]
[themesbrand.com/veltrix/layouts/vertical/maps-vector.html]
[themesbrand.com/veltrix/layouts/vertical/layouts-horizontal.html]
[themesbrand.com/veltrix/layouts/vertical/layouts-compact-sidebar.html]
[themesbrand.com/veltrix/layouts/vertical/layouts-icon-sidebar.html]
[themesbrand.com/veltrix/layouts/vertical/layouts-boxed.html]
[themesbrand.com/veltrix/layouts/vertical/pages-login.html]
[themesbrand.com/veltrix/layouts/vertical/assets/images/bg.jpg]
[themesbrand.com/veltrix/layouts/vertical/pages-login-2.html]
[themesbrand.com/veltrix/layouts/vertical/pages-register.html]
[themesbrand.com/veltrix/layouts/vertical/pages-register-2.html]
[themesbrand.com/veltrix/layouts/vertical/pages-recoverpw.html]
[themesbrand.com/veltrix/layouts/vertical/pages-recoverpw-2.html]
[themesbrand.com/veltrix/layouts/vertical/pages-lock-screen.html]
[themesbrand.com/veltrix/layouts/vertical/pages-lock-screen-2.html]
[themesbrand.com/veltrix/layouts/vertical/pages-timeline.html]
[themesbrand.com/veltrix/layouts/vertical/pages-invoice.html]
[themesbrand.com/veltrix/layouts/vertical/assets/images/users/user-7.jpg]
[themesbrand.com/veltrix/layouts/vertical/assets/images/users/user-8.jpg]
[themesbrand.com/veltrix/layouts/vertical/assets/images/users/user-9.jpg]
[themesbrand.com/veltrix/layouts/vertical/assets/images/users/user-10.jpg]
[themesbrand.com/veltrix/layouts/vertical/pages-directory.html]
[themesbrand.com/veltrix/layouts/vertical/pages-blank.html]
[themesbrand.com/veltrix/layouts/vertical/assets/images/error.png]
[themesbrand.com/veltrix/layouts/vertical/pages-404.html]
[themesbrand.com/veltrix/layouts/vertical/pages-500.html]
[themesbrand.com/veltrix/layouts/vertical/pages-pricing.html]
[themesbrand.com/veltrix/layouts/vertical/assets/images/gallery/work-1.jpg]
[themesbrand.com/veltrix/layouts/vertical/assets/images/gallery/work-2.jpg]
[themesbrand.com/veltrix/layouts/vertical/assets/images/gallery/work-3.jpg]
[themesbrand.com/veltrix/layouts/vertical/assets/images/gallery/work-4.jpg]
[themesbrand.com/veltrix/layouts/vertical/assets/images/gallery/work-5.jpg]
[themesbrand.com/veltrix/layouts/vertical/assets/images/gallery/work-6.jpg]
[themesbrand.com/veltrix/layouts/vertical/assets/images/gallery/work-7.jpg]
[themesbrand.com/veltrix/layouts/vertical/assets/images/gallery/work-8.jpg]
[themesbrand.com/veltrix/layouts/vertical/assets/images/gallery/work-9.jpg]
[themesbrand.com/veltrix/layouts/vertical/assets/images/gallery/work-10.jpg]
[themesbrand.com/veltrix/layouts/vertical/assets/images/gallery/work-11.jpg]
[themesbrand.com/veltrix/layouts/vertical/assets/images/gallery/work-12.jpg]
[themesbrand.com/veltrix/layouts/vertical/assets/js/pages/gallery.init.js]
[themesbrand.com/veltrix/layouts/vertical/pages-gallery.html]
[themesbrand.com/veltrix/layouts/vertical/assets/images/maintenance.png]
[themesbrand.com/veltrix/layouts/vertical/pages-maintenance.html]
[themesbrand.com/veltrix/layouts/vertical/assets/libs/jquery-countdown/jquery.countdown.min.js]
[themesbrand.com/veltrix/layouts/vertical/assets/js/pages/coming-soon.init.js]
[themesbrand.com/veltrix/layouts/vertical/pages-comingsoon.html]
[themesbrand.com/veltrix/layouts/vertical/pages-faq.html]
[themesbrand.com/veltrix/layouts/vertical/email-template-basic.html]
[themesbrand.com/veltrix/layouts/vertical/email-template-Alert.html]
[themesbrand.com/veltrix/layouts/vertical/email-template-Billing.html]
[themesbrand.com/veltrix/layouts/vertical/assets/css/app-rtl.min.css]
[themesbrand.com/veltrix/layouts/vertical/assets/fonts/materialdesignicons-webfont2f9b.html]
[themesbrand.com/veltrix/layouts/vertical/assets/fonts/ioniconsde33.html]
[themesbrand.com/veltrix/layouts/vertical/assets/fonts/ioniconsde33.svg]
[themesbrand.com/veltrix/layouts/vertical/assets/fonts/fa-brands-400.html]
[themesbrand.com/veltrix/layouts/vertical/assets/fonts/fa-brands-400.svg]
[themesbrand.com/veltrix/layouts/vertical/assets/fonts/fa-regular-400.html]
[themesbrand.com/veltrix/layouts/vertical/assets/fonts/fa-regular-400.svg]
[themesbrand.com/veltrix/layouts/vertical/assets/fonts/fa-solid-900.html]
[themesbrand.com/veltrix/layouts/vertical/assets/fonts/fa-solid-900.svg]
[themesbrand.com/veltrix/layouts/vertical/assets/fonts/dripicons-v2.svg]
[themesbrand.com/veltrix/layouts/vertical/assets/fonts/themify9f24.svg]
[themesbrand.com/veltrix/layouts/vertical/assets/fonts/typicons.svg]
[themesbrand.com/veltrix/layouts/vertical/assets/css/bootstrap.min.css]
[themesbrand.com/veltrix/layouts/vertical/assets/css/app.min.css]
[themesbrand.com/veltrix/layouts/vertical/assets/libs/fullcalendar/fullcalendar.min.css]
[themesbrand.com/veltrix/layouts/vertical/assets/libs/summernote/summernote-bs4.html]
[themesbrand.com/veltrix/layouts/vertical/assets/libs/magnific-popup/magnific-popup.css]
[themesbrand.com/veltrix/layouts/vertical/assets/libs/ion-rangeslider/css/ion.rangeSlider.min.css]
[themesbrand.com/veltrix/layouts/vertical/assets/libs/sweetalert2/sweetalert2.min.css]
[themesbrand.com/veltrix/layouts/vertical/assets/libs/bootstrap-rating/bootstrap-rating.css]
[themesbrand.com/veltrix/layouts/vertical/assets/libs/select2/css/select2.min.css]
[themesbrand.com/veltrix/layouts/vertical/assets/libs/bootstrap-datepicker/css/bootstrap-datepicker.min.css]
[themesbrand.com/veltrix/layouts/vertical/assets/libs/bootstrap-colorpicker/css/bootstrap-colorpicker.min.css]
[themesbrand.com/veltrix/layouts/vertical/assets/libs/bootstrap-touchspin/jquery.bootstrap-touchspin.min.css]
[themesbrand.com/veltrix/layouts/vertical/assets/libs/summernote/font/summernote.eot]
[themesbrand.com/veltrix/layouts/vertical/assets/libs/summernote/font/summernoted41d.eot]
[themesbrand.com/veltrix/layouts/vertical/assets/libs/summernote/font/summernote.woff]
[themesbrand.com/veltrix/layouts/vertical/assets/libs/summernote/font/summernote.ttf]
[themesbrand.com/veltrix/layouts/vertical/assets/libs/summernote/summernote-bs4.min.css]
[themesbrand.com/veltrix/layouts/vertical/assets/libs/dropzone/min/dropzone.min.css]
[themesbrand.com/veltrix/layouts/vertical/assets/libs/bootstrap-editable/img/loading.gif]
[themesbrand.com/veltrix/layouts/vertical/assets/libs/bootstrap-editable/img/clear.png]
[themesbrand.com/veltrix/layouts/vertical/assets/libs/bootstrap-editable/css/bootstrap-editable.css]
[themesbrand.com/veltrix/layouts/vertical/assets/libs/flot.curvedLines/curvedLines.html]
[themesbrand.com/veltrix/layouts/vertical/assets/libs/datatables.net-bs4/css/dataTables.bootstrap4.min.css]
[themesbrand.com/veltrix/layouts/vertical/assets/libs/datatables.net-buttons-bs4/css/buttons.bootstrap4.min.css]
[themesbrand.com/veltrix/layouts/vertical/assets/libs/datatables.net-responsive-bs4/css/responsive.bootstrap4.min.css]
[themesbrand.com/veltrix/layouts/vertical/assets/libs/admin-resources/rwd-table/rwd-table.min.css]
[themesbrand.com/veltrix/layouts/vertical/assets/libs/datatables.net-autoFill-bs4/css/autoFill.bootstrap4.min.html]
[themesbrand.com/veltrix/layouts/vertical/assets/libs/datatables.net-keytable-bs4/css/keyTable.bootstrap4.min.css]
[themesbrand.com/veltrix/layouts/vertical/assets/libs/datatables.net-autoFill/js/dataTables.autoFill.min.html]
[themesbrand.com/veltrix/layouts/vertical/assets/libs/datatables.net-autoFill-bs4/js/autoFill.bootstrap4.min.html]
[themesbrand.com/veltrix/layouts/vertical/assets/libs/admin-resources/jquery.vectormap/jquery-jvectormap-1.2.2.css]
[themesbrand.com/veltrix/layouts/vertical/assets/libs/summernote/font/summernote.html]
